[0.206s] Invoking command in '/home/luke/LKMCANNODE/build/LKMCANNODE': CMAKE_PREFIX_PATH=${CMAKE_PREFIX_PATH}:/opt/ros/humble /usr/bin/cmake --build /home/luke/LKMCANNODE/build/LKMCANNODE -- -j4 -l4
[0.245s] -- Found ament_cmake: 1.3.7 (/opt/ros/humble/share/ament_cmake/cmake)
[0.582s] -- Found rclcpp: 16.0.8 (/opt/ros/humble/share/rclcpp/cmake)
[0.657s] -- Found rosidl_generator_c: 3.1.5 (/opt/ros/humble/share/rosidl_generator_c/cmake)
[0.664s] -- Found rosidl_adapter: 3.1.5 (/opt/ros/humble/share/rosidl_adapter/cmake)
[0.681s] -- Found rosidl_generator_cpp: 3.1.5 (/opt/ros/humble/share/rosidl_generator_cpp/cmake)
[0.714s] -- Using all available rosidl_typesupport_c: rosidl_typesupport_fastrtps_c;rosidl_typesupport_introspection_c
[0.761s] -- Using all available rosidl_typesupport_cpp: rosidl_typesupport_fastrtps_cpp;rosidl_typesupport_introspection_cpp
[0.927s] -- Found rmw_implementation_cmake: 6.1.1 (/opt/ros/humble/share/rmw_implementation_cmake/cmake)
[0.931s] -- Found rmw_fastrtps_cpp: 6.2.6 (/opt/ros/humble/share/rmw_fastrtps_cpp/cmake)
[1.202s] -- Using RMW implementation 'rmw_fastrtps_cpp' as default
[1.650s] -- Found can_msgs: 2.0.0 (/opt/ros/humble/share/can_msgs/cmake)
[1.778s] -- Found geometry_msgs: 4.2.3 (/opt/ros/humble/share/geometry_msgs/cmake)
[1.907s] -- Found tf2_ros: 0.25.5 (/opt/ros/humble/share/tf2_ros/cmake)
[2.921s] -- Found nav_msgs: 4.2.3 (/opt/ros/humble/share/nav_msgs/cmake)
[3.174s] -- Found ament_lint_auto: 0.12.10 (/opt/ros/humble/share/ament_lint_auto/cmake)
[3.291s] WARNING: Package name "LKMCANNODE" does not follow the naming conventions. It should start with a lower case letter and only contain lower case letters, digits, underscores, and dashes.
[3.589s] -- Added test 'cppcheck' to perform static code analysis on C / C++ code
[3.589s] -- Configured cppcheck include dirs: 
[3.590s] -- Configured cppcheck exclude dirs and/or files: 
[3.625s] -- Added test 'flake8' to check Python code syntax and style conventions
[3.686s] -- Added test 'lint_cmake' to check CMake code style
[3.718s] -- Added test 'pep257' to check Python code against some of the docstring style conventions in PEP 257
[3.967s] -- Added test 'uncrustify' to check C / C++ code style
[3.968s] -- Configured uncrustify additional arguments: 
[4.003s] -- Added test 'xmllint' to check XML markup files
[4.006s] -- Configuring done
[4.041s] -- Generating done
[4.046s] -- Build files have been written to: /home/luke/LKMCANNODE/build/LKMCANNODE
[4.110s] [35m[1mConsolidate compiler generated dependencies of target lkmcannode[0m
[4.167s] [ 50%] [32mBuilding CXX object CMakeFiles/lkmcannode.dir/src/lkmcannode.cpp.o[0m
[4.993s] [01m[K/home/luke/LKMCANNODE/src/lkmcannode.cpp:10:10:[m[K [01;31m[Kfatal error: [m[Kgeometry_msgs/msg/TransformStamped.h: No such file or directory
[4.994s]    10 | #include [01;31m[K<geometry_msgs/msg/TransformStamped.h>[m[K
[4.994s]       |          [01;31m[K^~~~~~~~~~~~~~~~~~~~~~~~~~~~~~~~~~~~~~[m[K
[4.994s] compilation terminated.
[5.000s] gmake[2]: *** [CMakeFiles/lkmcannode.dir/build.make:76: CMakeFiles/lkmcannode.dir/src/lkmcannode.cpp.o] Error 1
[5.000s] gmake[1]: *** [CMakeFiles/Makefile2:137: CMakeFiles/lkmcannode.dir/all] Error 2
[5.000s] gmake: *** [Makefile:146: all] Error 2
[5.005s] Invoked command in '/home/luke/LKMCANNODE/build/LKMCANNODE' returned '2': CMAKE_PREFIX_PATH=${CMAKE_PREFIX_PATH}:/opt/ros/humble /usr/bin/cmake --build /home/luke/LKMCANNODE/build/LKMCANNODE -- -j4 -l4
