[0.180s] Invoking command in '/home/luke/LKMCANNODE/build/LKMCANNODE': CMAKE_PREFIX_PATH=${CMAKE_PREFIX_PATH}:/opt/ros/humble /usr/bin/cmake --build /home/luke/LKMCANNODE/build/LKMCANNODE -- -j4 -l4
[0.279s] [35m[1mConsolidate compiler generated dependencies of target lkmcannode[0m
[0.332s] [ 50%] [32mBuilding CXX object CMakeFiles/lkmcannode.dir/src/lkmcannode.cpp.o[0m
[6.474s] [01m[K/home/luke/LKMCANNODE/src/lkmcannode.cpp:[m[K In member function â€˜[01m[Kint BLDCMotor::calculateDelta(int)[m[Kâ€™:
[6.474s] [01m[K/home/luke/LKMCANNODE/src/lkmcannode.cpp:639:40:[m[K [01;31m[Kerror: [m[Kâ€˜[01m[KinitialTicks[m[Kâ€™ was not declared in this scope; did you mean â€˜[01m[KinitialTicksSet[m[Kâ€™?
[6.474s]   639 |             int delta = currentTicks - [01;31m[KinitialTicks[m[K;
[6.474s]       |                                        [01;31m[K^~~~~~~~~~~~[m[K
[6.475s]       |                                        [32m[KinitialTicksSet[m[K
[6.478s] [01m[K/home/luke/LKMCANNODE/src/lkmcannode.cpp:[m[K In member function â€˜[01m[Kvoid BLDCMotor::parseWritePIDParametersToROMResponse(const uint8_t*)[m[Kâ€™:
[6.478s] [01m[K/home/luke/LKMCANNODE/src/lkmcannode.cpp:873:58:[m[K [01;35m[Kwarning: [m[Kunused parameter â€˜[01m[Kresponse[m[Kâ€™ [[01;35m[K]8;;https://gcc.gnu.org/onlinedocs/gcc/Warning-Options.html#index-Wunused-parameter-Wunused-parameter]8;;[m[K]
[6.479s]   873 | void parseWritePIDParametersToROMResponse([01;35m[Kconst uint8_t* response[m[K){ //} uint16_t& anglePidKp, uint16_t& anglePidKi, uint16_t& speedPidKp, uint16_t& speedPidKi, uint16_t& iqPidKp, uint16_t& iqPidKi) {
[6.479s]       |                                           [01;35m[K~~~~~~~~~~~~~~~^~~~~~~~[m[K
[6.479s] [01m[K/home/luke/LKMCANNODE/src/lkmcannode.cpp:[m[K In member function â€˜[01m[Kvoid BLDCMotor::parseWriteEncoderValueToROMResponse(const uint8_t*, uint16_t&)[m[Kâ€™:
[6.480s] [01m[K/home/luke/LKMCANNODE/src/lkmcannode.cpp:942:57:[m[K [01;35m[Kwarning: [m[Kunused parameter â€˜[01m[Kresponse[m[Kâ€™ [[01;35m[K]8;;https://gcc.gnu.org/onlinedocs/gcc/Warning-Options.html#index-Wunused-parameter-Wunused-parameter]8;;[m[K]
[6.480s]   942 | void parseWriteEncoderValueToROMResponse([01;35m[Kconst uint8_t* response[m[K, uint16_t& encoderOffset) {
[6.480s]       |                                          [01;35m[K~~~~~~~~~~~~~~~^~~~~~~~[m[K
[6.480s] [01m[K/home/luke/LKMCANNODE/src/lkmcannode.cpp:942:77:[m[K [01;35m[Kwarning: [m[Kunused parameter â€˜[01m[KencoderOffset[m[Kâ€™ [[01;35m[K]8;;https://gcc.gnu.org/onlinedocs/gcc/Warning-Options.html#index-Wunused-parameter-Wunused-parameter]8;;[m[K]
[6.480s]   942 | void parseWriteEncoderValueToROMResponse(const uint8_t* response, [01;35m[Kuint16_t& encoderOffset[m[K) {
[6.480s]       |                                                                   [01;35m[K~~~~~~~~~~^~~~~~~~~~~~~[m[K
[6.481s] [01m[K/home/luke/LKMCANNODE/src/lkmcannode.cpp:[m[K In member function â€˜[01m[Kvoid BLDCMotor::parseWriteCurrentPositionToROMResponse(const uint8_t*, uint16_t&)[m[Kâ€™:
[6.481s] [01m[K/home/luke/LKMCANNODE/src/lkmcannode.cpp:954:60:[m[K [01;35m[Kwarning: [m[Kunused parameter â€˜[01m[Kresponse[m[Kâ€™ [[01;35m[K]8;;https://gcc.gnu.org/onlinedocs/gcc/Warning-Options.html#index-Wunused-parameter-Wunused-parameter]8;;[m[K]
[6.481s]   954 | void parseWriteCurrentPositionToROMResponse([01;35m[Kconst uint8_t* response[m[K, uint16_t& encoderOffset) {
[6.481s]       |                                             [01;35m[K~~~~~~~~~~~~~~~^~~~~~~~[m[K
[6.481s] [01m[K/home/luke/LKMCANNODE/src/lkmcannode.cpp:954:80:[m[K [01;35m[Kwarning: [m[Kunused parameter â€˜[01m[KencoderOffset[m[Kâ€™ [[01;35m[K]8;;https://gcc.gnu.org/onlinedocs/gcc/Warning-Options.html#index-Wunused-parameter-Wunused-parameter]8;;[m[K]
[6.482s]   954 | void parseWriteCurrentPositionToROMResponse(const uint8_t* response, [01;35m[Kuint16_t& encoderOffset[m[K) {
[6.482s]       |                                                                      [01;35m[K~~~~~~~~~~^~~~~~~~~~~~~[m[K
[6.652s] [01m[K/home/luke/LKMCANNODE/src/lkmcannode.cpp:[m[K In member function â€˜[01m[Kvoid DifferentialDriveNode::loop_callback()[m[Kâ€™:
[6.652s] [01m[K/home/luke/LKMCANNODE/src/lkmcannode.cpp:1439:44:[m[K [01;31m[Kerror: [m[Kâ€˜[01m[Kusing element_type = class BLDCMotor[m[Kâ€™ {aka â€˜[01m[Kclass BLDCMotor[m[Kâ€™} has no member named â€˜[01m[KSpeedClosedLoopControl[m[Kâ€™; did you mean â€˜[01m[KSpeedClosedLoopControlCommand[m[Kâ€™?
[6.652s]  1439 |         auto leftspeedCommand = leftMotor->[01;31m[KSpeedClosedLoopControl[m[K(1200);
[6.653s]       |                                            [01;31m[K^~~~~~~~~~~~~~~~~~~~~~[m[K
[6.653s]       |                                            [32m[KSpeedClosedLoopControlCommand[m[K
[6.653s] [01m[K/home/luke/LKMCANNODE/src/lkmcannode.cpp:1444:35:[m[K [01;31m[Kerror: [m[Kinvalid use of non-static member function â€˜[01m[Kuint32_t BLDCMotor::getMotorCANId()[m[Kâ€™
[6.653s]  1444 |         sendCanMessage([01;31m[KleftMotor->getMotorCANId[m[K, leftspeedmessageData, sizeof(leftspeedmessageData))
[6.653s]       |                        [01;31m[K~~~~~~~~~~~^~~~~~~~~~~~~[m[K
[6.653s] [01m[K/home/luke/LKMCANNODE/src/lkmcannode.cpp:1208:14:[m[K [01;36m[Knote: [m[Kdeclared here
[6.654s]  1208 |     uint32_t [01;36m[KgetMotorCANId[m[K() { return 0x140 + motorId_ ; }
[6.654s]       |              [01;36m[K^~~~~~~~~~~~~[m[K
[6.654s] [01m[K/home/luke/LKMCANNODE/src/lkmcannode.cpp:1452:9:[m[K [01;31m[Kerror: [m[Kâ€˜[01m[Kelse[m[Kâ€™ without a previous â€˜[01m[Kif[m[Kâ€™
[6.654s]  1452 |         [01;31m[Kelse[m[K{
[6.654s]       |         [01;31m[K^~~~[m[K
[12.653s] gmake[2]: *** [CMakeFiles/lkmcannode.dir/build.make:76: CMakeFiles/lkmcannode.dir/src/lkmcannode.cpp.o] Error 1
[12.653s] gmake[1]: *** [CMakeFiles/Makefile2:137: CMakeFiles/lkmcannode.dir/all] Error 2
[12.653s] gmake: *** [Makefile:146: all] Error 2
[12.657s] Invoked command in '/home/luke/LKMCANNODE/build/LKMCANNODE' returned '2': CMAKE_PREFIX_PATH=${CMAKE_PREFIX_PATH}:/opt/ros/humble /usr/bin/cmake --build /home/luke/LKMCANNODE/build/LKMCANNODE -- -j4 -l4
