[0.000000] (-) TimerEvent: {}
[0.001161] (LKMCANNODE) JobQueued: {'identifier': 'LKMCANNODE', 'dependencies': OrderedDict()}
[0.001420] (LKMCANNODE) JobStarted: {'identifier': 'LKMCANNODE'}
[0.099341] (-) TimerEvent: {}
[0.134485] (LKMCANNODE) JobProgress: {'identifier': 'LKMCANNODE', 'progress': 'cmake'}
[0.135680] (LKMCANNODE) JobProgress: {'identifier': 'LKMCANNODE', 'progress': 'build'}
[0.137222] (LKMCANNODE) Command: {'cmd': ['/usr/bin/cmake', '--build', '/home/luke/LKMCANNODE/build/LKMCANNODE', '--', '-j4', '-l4'], 'cwd': '/home/luke/LKMCANNODE/build/LKMCANNODE', 'env': OrderedDict([('LESSOPEN', '| /usr/bin/lesspipe %s'), ('USER', 'luke'), ('SSH_CLIENT', '192.168.3.59 60746 22'), ('LC_TIME', 'en_AU.UTF-8'), ('XDG_SESSION_TYPE', 'tty'), ('GIT_ASKPASS', '/home/luke/.vscode-server/bin/8b3775030ed1a69b13e4f4c628c612102e30a681/extensions/git/dist/askpass.sh'), ('SHLVL', '1'), ('LD_LIBRARY_PATH', '/opt/ros/humble/opt/rviz_ogre_vendor/lib:/opt/ros/humble/lib/x86_64-linux-gnu:/opt/ros/humble/lib'), ('BROWSER', '/home/luke/.vscode-server/bin/8b3775030ed1a69b13e4f4c628c612102e30a681/bin/helpers/browser.sh'), ('MOTD_SHOWN', 'pam'), ('HOME', '/home/luke'), ('OLDPWD', '/home/luke'), ('TERM_PROGRAM_VERSION', '1.85.2'), ('VSCODE_IPC_HOOK_CLI', '/run/user/1000/vscode-ipc-223fdd2f-818d-4bfd-9a10-ed17186038de.sock'), ('ROS_PYTHON_VERSION', '3'), ('VSCODE_GIT_ASKPASS_MAIN', '/home/luke/.vscode-server/bin/8b3775030ed1a69b13e4f4c628c612102e30a681/extensions/git/dist/askpass-main.js'), ('LC_MONETARY', 'en_AU.UTF-8'), ('VSCODE_GIT_ASKPASS_NODE', '/home/luke/.vscode-server/bin/8b3775030ed1a69b13e4f4c628c612102e30a681/node'), ('DBUS_SESSION_BUS_ADDRESS', 'unix:path=/run/user/1000/bus'), ('COLORTERM', 'truecolor'), ('ROS_DISTRO', 'humble'), ('LOGNAME', 'luke'), ('_', '/usr/bin/colcon'), ('ROS_VERSION', '2'), ('XDG_SESSION_CLASS', 'user'), ('TERM', 'xterm-256color'), ('XDG_SESSION_ID', '6'), ('ROS_LOCALHOST_ONLY', '0'), ('PATH', '/home/luke/.vscode-server/bin/8b3775030ed1a69b13e4f4c628c612102e30a681/bin/remote-cli:/opt/ros/humble/bin:/usr/local/sbin:/usr/local/bin:/usr/sbin:/usr/bin:/sbin:/bin:/usr/games:/usr/local/games:/snap/bin'), ('LC_ADDRESS', 'en_AU.UTF-8'), ('XDG_RUNTIME_DIR', '/run/user/1000'), ('LANG', 'en_US.UTF-8'), ('LC_TELEPHONE', 'en_AU.UTF-8'), ('LS_COLORS', 'rs=0:di=01;34:ln=01;36:mh=00:pi=40;33:so=01;35:do=01;35:bd=40;33;01:cd=40;33;01:or=40;31;01:mi=00:su=37;41:sg=30;43:ca=30;41:tw=30;42:ow=34;42:st=37;44:ex=01;32:*.tar=01;31:*.tgz=01;31:*.arc=01;31:*.arj=01;31:*.taz=01;31:*.lha=01;31:*.lz4=01;31:*.lzh=01;31:*.lzma=01;31:*.tlz=01;31:*.txz=01;31:*.tzo=01;31:*.t7z=01;31:*.zip=01;31:*.z=01;31:*.dz=01;31:*.gz=01;31:*.lrz=01;31:*.lz=01;31:*.lzo=01;31:*.xz=01;31:*.zst=01;31:*.tzst=01;31:*.bz2=01;31:*.bz=01;31:*.tbz=01;31:*.tbz2=01;31:*.tz=01;31:*.deb=01;31:*.rpm=01;31:*.jar=01;31:*.war=01;31:*.ear=01;31:*.sar=01;31:*.rar=01;31:*.alz=01;31:*.ace=01;31:*.zoo=01;31:*.cpio=01;31:*.7z=01;31:*.rz=01;31:*.cab=01;31:*.wim=01;31:*.swm=01;31:*.dwm=01;31:*.esd=01;31:*.jpg=01;35:*.jpeg=01;35:*.mjpg=01;35:*.mjpeg=01;35:*.gif=01;35:*.bmp=01;35:*.pbm=01;35:*.pgm=01;35:*.ppm=01;35:*.tga=01;35:*.xbm=01;35:*.xpm=01;35:*.tif=01;35:*.tiff=01;35:*.png=01;35:*.svg=01;35:*.svgz=01;35:*.mng=01;35:*.pcx=01;35:*.mov=01;35:*.mpg=01;35:*.mpeg=01;35:*.m2v=01;35:*.mkv=01;35:*.webm=01;35:*.webp=01;35:*.ogm=01;35:*.mp4=01;35:*.m4v=01;35:*.mp4v=01;35:*.vob=01;35:*.qt=01;35:*.nuv=01;35:*.wmv=01;35:*.asf=01;35:*.rm=01;35:*.rmvb=01;35:*.flc=01;35:*.avi=01;35:*.fli=01;35:*.flv=01;35:*.gl=01;35:*.dl=01;35:*.xcf=01;35:*.xwd=01;35:*.yuv=01;35:*.cgm=01;35:*.emf=01;35:*.ogv=01;35:*.ogx=01;35:*.aac=00;36:*.au=00;36:*.flac=00;36:*.m4a=00;36:*.mid=00;36:*.midi=00;36:*.mka=00;36:*.mp3=00;36:*.mpc=00;36:*.ogg=00;36:*.ra=00;36:*.wav=00;36:*.oga=00;36:*.opus=00;36:*.spx=00;36:*.xspf=00;36:'), ('VSCODE_GIT_IPC_HANDLE', '/run/user/1000/vscode-git-d9c135f10c.sock'), ('TERM_PROGRAM', 'vscode'), ('AMENT_PREFIX_PATH', '/opt/ros/humble'), ('SHELL', '/bin/bash'), ('LC_NAME', 'en_AU.UTF-8'), ('LESSCLOSE', '/usr/bin/lesspipe %s %s'), ('LC_MEASUREMENT', 'en_AU.UTF-8'), ('LC_IDENTIFICATION', 'en_AU.UTF-8'), ('VSCODE_GIT_ASKPASS_EXTRA_ARGS', ''), ('PWD', '/home/luke/LKMCANNODE/build/LKMCANNODE'), ('SSH_CONNECTION', '192.168.3.59 60746 192.168.3.65 22'), ('XDG_DATA_DIRS', '/usr/share/gnome:/usr/local/share:/usr/share:/var/lib/snapd/desktop'), ('PYTHONPATH', '/opt/ros/humble/lib/python3.10/site-packages:/opt/ros/humble/local/lib/python3.10/dist-packages'), ('LC_NUMERIC', 'en_AU.UTF-8'), ('LC_PAPER', 'en_AU.UTF-8'), ('COLCON', '1')]), 'shell': False}
[0.197143] (LKMCANNODE) StdoutLine: {'line': b'-- Found ament_cmake: 1.3.6 (/opt/ros/humble/share/ament_cmake/cmake)\n'}
[0.199453] (-) TimerEvent: {}
[0.299910] (-) TimerEvent: {}
[0.400447] (-) TimerEvent: {}
[0.500971] (-) TimerEvent: {}
[0.520019] (LKMCANNODE) StdoutLine: {'line': b'-- Found rclcpp: 16.0.7 (/opt/ros/humble/share/rclcpp/cmake)\n'}
[0.581683] (LKMCANNODE) StdoutLine: {'line': b'-- Found rosidl_generator_c: 3.1.5 (/opt/ros/humble/share/rosidl_generator_c/cmake)\n'}
[0.587930] (LKMCANNODE) StdoutLine: {'line': b'-- Found rosidl_adapter: 3.1.5 (/opt/ros/humble/share/rosidl_adapter/cmake)\n'}
[0.601079] (-) TimerEvent: {}
[0.601907] (LKMCANNODE) StdoutLine: {'line': b'-- Found rosidl_generator_cpp: 3.1.5 (/opt/ros/humble/share/rosidl_generator_cpp/cmake)\n'}
[0.630547] (LKMCANNODE) StdoutLine: {'line': b'-- Using all available rosidl_typesupport_c: rosidl_typesupport_fastrtps_c;rosidl_typesupport_introspection_c\n'}
[0.670830] (LKMCANNODE) StdoutLine: {'line': b'-- Using all available rosidl_typesupport_cpp: rosidl_typesupport_fastrtps_cpp;rosidl_typesupport_introspection_cpp\n'}
[0.701239] (-) TimerEvent: {}
[0.801765] (-) TimerEvent: {}
[0.828686] (LKMCANNODE) StdoutLine: {'line': b'-- Found rmw_implementation_cmake: 6.1.1 (/opt/ros/humble/share/rmw_implementation_cmake/cmake)\n'}
[0.831620] (LKMCANNODE) StdoutLine: {'line': b'-- Found rmw_fastrtps_cpp: 6.2.5 (/opt/ros/humble/share/rmw_fastrtps_cpp/cmake)\n'}
[0.901956] (-) TimerEvent: {}
[1.002639] (-) TimerEvent: {}
[1.093278] (LKMCANNODE) StdoutLine: {'line': b"-- Using RMW implementation 'rmw_fastrtps_cpp' as default\n"}
[1.102737] (-) TimerEvent: {}
[1.203165] (-) TimerEvent: {}
[1.303743] (-) TimerEvent: {}
[1.404377] (-) TimerEvent: {}
[1.504954] (-) TimerEvent: {}
[1.525787] (LKMCANNODE) StdoutLine: {'line': b'-- Found can_msgs: 2.0.0 (/opt/ros/humble/share/can_msgs/cmake)\n'}
[1.605141] (-) TimerEvent: {}
[1.651550] (LKMCANNODE) StdoutLine: {'line': b'-- Found geometry_msgs: 4.2.3 (/opt/ros/humble/share/geometry_msgs/cmake)\n'}
[1.705323] (-) TimerEvent: {}
[1.781860] (LKMCANNODE) StdoutLine: {'line': b'-- Found ament_lint_auto: 0.12.9 (/opt/ros/humble/share/ament_lint_auto/cmake)\n'}
[1.805489] (-) TimerEvent: {}
[1.896271] (LKMCANNODE) StderrLine: {'line': b"Error parsing '/home/luke/LKMCANNODE/package.xml':\n"}
[1.905675] (-) TimerEvent: {}
[1.994834] (LKMCANNODE) StderrLine: {'line': b'Traceback (most recent call last):\n'}
[1.995428] (LKMCANNODE) StderrLine: {'line': b'  File "/opt/ros/humble/share/ament_cmake_core/cmake/core/package_xml_2_cmake.py", line 150, in <module>\n'}
[1.995662] (LKMCANNODE) StderrLine: {'line': b'    main()\n'}
[1.995881] (LKMCANNODE) StderrLine: {'line': b'  File "/opt/ros/humble/share/ament_cmake_core/cmake/core/package_xml_2_cmake.py", line 53, in main\n'}
[1.996070] (LKMCANNODE) StderrLine: {'line': b'    raise e\n'}
[1.996281] (LKMCANNODE) StderrLine: {'line': b'  File "/opt/ros/humble/share/ament_cmake_core/cmake/core/package_xml_2_cmake.py", line 49, in main\n'}
[1.996501] (LKMCANNODE) StderrLine: {'line': b'    package = parse_package_string(\n'}
[1.996686] (LKMCANNODE) StderrLine: {'line': b'  File "/usr/lib/python3/dist-packages/catkin_pkg/package.py", line 786, in parse_package_string\n'}
[1.999811] (LKMCANNODE) StderrLine: {'line': b"    raise InvalidPackage('Error(s):%s' % (''.join(['\\n- %s' % e for e in errors])), filename)\n"}
[2.000032] (LKMCANNODE) StderrLine: {'line': b"catkin_pkg.package.InvalidPackage: Error(s) in package '/home/luke/LKMCANNODE/package.xml':\n"}
[2.000242] (LKMCANNODE) StderrLine: {'line': b'Error(s):\n'}
[2.000439] (LKMCANNODE) StderrLine: {'line': b"- The generic dependency on 'rclcpp' is redundant with: exec_depend\n"}
[2.000652] (LKMCANNODE) StderrLine: {'line': b"- The generic dependency on 'std_msgs' is redundant with: exec_depend\n"}
[2.000840] (LKMCANNODE) StderrLine: {'line': b"- The generic dependency on 'geometry_msgs' is redundant with: exec_depend\n"}
[2.001030] (LKMCANNODE) StderrLine: {'line': b"- The generic dependency on 'can_msgs' is redundant with: exec_depend\n"}
[2.005832] (-) TimerEvent: {}
[2.040705] (LKMCANNODE) StderrLine: {'line': b'\x1b[31mCMake Error at /opt/ros/humble/share/ament_cmake_core/cmake/core/ament_package_xml.cmake:95 (message):\n'}
[2.041151] (LKMCANNODE) StderrLine: {'line': b'  execute_process(/usr/bin/python3.10\n'}
[2.041347] (LKMCANNODE) StderrLine: {'line': b'  /opt/ros/humble/share/ament_cmake_core/cmake/core/package_xml_2_cmake.py\n'}
[2.041540] (LKMCANNODE) StderrLine: {'line': b'  /home/luke/LKMCANNODE/package.xml\n'}
[2.041731] (LKMCANNODE) StderrLine: {'line': b'  /home/luke/LKMCANNODE/build/LKMCANNODE/ament_cmake_core/package.cmake)\n'}
[2.041917] (LKMCANNODE) StderrLine: {'line': b'  returned error code 1\n'}
[2.042105] (LKMCANNODE) StderrLine: {'line': b'Call Stack (most recent call first):\n'}
[2.042291] (LKMCANNODE) StderrLine: {'line': b'  /opt/ros/humble/share/ament_cmake_core/cmake/core/ament_package_xml.cmake:49 (_ament_package_xml)\n'}
[2.042477] (LKMCANNODE) StderrLine: {'line': b'  /opt/ros/humble/share/ament_lint_auto/cmake/ament_lint_auto_find_test_dependencies.cmake:31 (ament_package_xml)\n'}
[2.042663] (LKMCANNODE) StderrLine: {'line': b'  CMakeLists.txt:49 (ament_lint_auto_find_test_dependencies)\n'}
[2.042847] (LKMCANNODE) StderrLine: {'line': b'\n'}
[2.043031] (LKMCANNODE) StderrLine: {'line': b'\x1b[0m\n'}
[2.043214] (LKMCANNODE) StdoutLine: {'line': b'-- Configuring incomplete, errors occurred!\n'}
[2.043415] (LKMCANNODE) StdoutLine: {'line': b'See also "/home/luke/LKMCANNODE/build/LKMCANNODE/CMakeFiles/CMakeOutput.log".\n'}
[2.057737] (LKMCANNODE) StderrLine: {'line': b'gmake: *** [Makefile:267: cmake_check_build_system] Error 1\n'}
[2.061492] (LKMCANNODE) CommandEnded: {'returncode': 2}
[2.062213] (LKMCANNODE) JobEnded: {'identifier': 'LKMCANNODE', 'rc': 2}
[2.072613] (-) EventReactorShutdown: {}
