[0.141s] Invoking command in '/home/luke/LKMCANNODE/build/LKMCANNODE': /usr/bin/cmake --build /home/luke/LKMCANNODE/build/LKMCANNODE -- -j4 -l4
[0.197s] -- Found ament_cmake: 1.3.6 (/opt/ros/humble/share/ament_cmake/cmake)
[0.520s] -- Found rclcpp: 16.0.7 (/opt/ros/humble/share/rclcpp/cmake)
[0.583s] -- Found rosidl_generator_c: 3.1.5 (/opt/ros/humble/share/rosidl_generator_c/cmake)
[0.589s] -- Found rosidl_adapter: 3.1.5 (/opt/ros/humble/share/rosidl_adapter/cmake)
[0.604s] -- Found rosidl_generator_cpp: 3.1.5 (/opt/ros/humble/share/rosidl_generator_cpp/cmake)
[0.633s] -- Using all available rosidl_typesupport_c: rosidl_typesupport_fastrtps_c;rosidl_typesupport_introspection_c
[0.673s] -- Using all available rosidl_typesupport_cpp: rosidl_typesupport_fastrtps_cpp;rosidl_typesupport_introspection_cpp
[0.829s] -- Found rmw_implementation_cmake: 6.1.1 (/opt/ros/humble/share/rmw_implementation_cmake/cmake)
[0.832s] -- Found rmw_fastrtps_cpp: 6.2.5 (/opt/ros/humble/share/rmw_fastrtps_cpp/cmake)
[1.097s] -- Using RMW implementation 'rmw_fastrtps_cpp' as default
[1.528s] -- Found can_msgs: 2.0.0 (/opt/ros/humble/share/can_msgs/cmake)
[1.646s] -- Found geometry_msgs: 4.2.3 (/opt/ros/humble/share/geometry_msgs/cmake)
[1.768s] -- Found ament_lint_auto: 0.12.9 (/opt/ros/humble/share/ament_lint_auto/cmake)
[1.883s] Error parsing '/home/luke/LKMCANNODE/package.xml':
[1.982s] Traceback (most recent call last):
[1.983s]   File "/opt/ros/humble/share/ament_cmake_core/cmake/core/package_xml_2_cmake.py", line 150, in <module>
[1.983s]     main()
[1.983s]   File "/opt/ros/humble/share/ament_cmake_core/cmake/core/package_xml_2_cmake.py", line 53, in main
[1.983s]     raise e
[1.984s]   File "/opt/ros/humble/share/ament_cmake_core/cmake/core/package_xml_2_cmake.py", line 49, in main
[1.984s]     package = parse_package_string(
[1.984s]   File "/usr/lib/python3/dist-packages/catkin_pkg/package.py", line 786, in parse_package_string
[1.984s]     raise InvalidPackage('Error(s):%s' % (''.join(['\n- %s' % e for e in errors])), filename)
[1.984s] catkin_pkg.package.InvalidPackage: Error(s) in package '/home/luke/LKMCANNODE/package.xml':
[1.984s] Error(s):
[1.985s] - The generic dependency on 'rclcpp' is redundant with: exec_depend
[1.985s] - The generic dependency on 'std_msgs' is redundant with: exec_depend
[1.985s] - The generic dependency on 'geometry_msgs' is redundant with: exec_depend
[2.023s] [31mCMake Error at /opt/ros/humble/share/ament_cmake_core/cmake/core/ament_package_xml.cmake:95 (message):
[2.023s]   execute_process(/usr/bin/python3.10
[2.024s]   /opt/ros/humble/share/ament_cmake_core/cmake/core/package_xml_2_cmake.py
[2.024s]   /home/luke/LKMCANNODE/package.xml
[2.024s]   /home/luke/LKMCANNODE/build/LKMCANNODE/ament_cmake_core/package.cmake)
[2.024s]   returned error code 1
[2.024s] Call Stack (most recent call first):
[2.024s]   /opt/ros/humble/share/ament_cmake_core/cmake/core/ament_package_xml.cmake:49 (_ament_package_xml)
[2.025s]   /opt/ros/humble/share/ament_lint_auto/cmake/ament_lint_auto_find_test_dependencies.cmake:31 (ament_package_xml)
[2.025s]   CMakeLists.txt:49 (ament_lint_auto_find_test_dependencies)
[2.025s] 
[2.025s] [0m
[2.025s] -- Configuring incomplete, errors occurred!
[2.026s] See also "/home/luke/LKMCANNODE/build/LKMCANNODE/CMakeFiles/CMakeOutput.log".
[2.041s] gmake: *** [Makefile:267: cmake_check_build_system] Error 1
[2.045s] Invoked command in '/home/luke/LKMCANNODE/build/LKMCANNODE' returned '2': /usr/bin/cmake --build /home/luke/LKMCANNODE/build/LKMCANNODE -- -j4 -l4
