[0.180s] Invoking command in '/home/luke/LKMCANNODE/build/LKMCANNODE': CMAKE_PREFIX_PATH=${CMAKE_PREFIX_PATH}:/opt/ros/humble /usr/bin/cmake --build /home/luke/LKMCANNODE/build/LKMCANNODE -- -j4 -l4
[0.240s] -- Found ament_cmake: 1.3.7 (/opt/ros/humble/share/ament_cmake/cmake)
[0.561s] -- Found rclcpp: 16.0.8 (/opt/ros/humble/share/rclcpp/cmake)
[0.625s] -- Found rosidl_generator_c: 3.1.5 (/opt/ros/humble/share/rosidl_generator_c/cmake)
[0.632s] -- Found rosidl_adapter: 3.1.5 (/opt/ros/humble/share/rosidl_adapter/cmake)
[0.646s] -- Found rosidl_generator_cpp: 3.1.5 (/opt/ros/humble/share/rosidl_generator_cpp/cmake)
[0.674s] -- Using all available rosidl_typesupport_c: rosidl_typesupport_fastrtps_c;rosidl_typesupport_introspection_c
[0.714s] -- Using all available rosidl_typesupport_cpp: rosidl_typesupport_fastrtps_cpp;rosidl_typesupport_introspection_cpp
[0.869s] -- Found rmw_implementation_cmake: 6.1.1 (/opt/ros/humble/share/rmw_implementation_cmake/cmake)
[0.871s] -- Found rmw_fastrtps_cpp: 6.2.6 (/opt/ros/humble/share/rmw_fastrtps_cpp/cmake)
[1.137s] -- Using RMW implementation 'rmw_fastrtps_cpp' as default
[1.572s] -- Found can_msgs: 2.0.0 (/opt/ros/humble/share/can_msgs/cmake)
[1.692s] -- Found geometry_msgs: 4.2.3 (/opt/ros/humble/share/geometry_msgs/cmake)
[1.812s] -- Found tf2_ros: 0.25.5 (/opt/ros/humble/share/tf2_ros/cmake)
[2.745s] -- Found nav_msgs: 4.2.3 (/opt/ros/humble/share/nav_msgs/cmake)
[2.988s] -- Found ament_lint_auto: 0.12.10 (/opt/ros/humble/share/ament_lint_auto/cmake)
[3.105s] WARNING: Package name "LKMCANNODE" does not follow the naming conventions. It should start with a lower case letter and only contain lower case letters, digits, underscores, and dashes.
[3.386s] -- Added test 'cppcheck' to perform static code analysis on C / C++ code
[3.387s] -- Configured cppcheck include dirs: 
[3.387s] -- Configured cppcheck exclude dirs and/or files: 
[3.419s] -- Added test 'flake8' to check Python code syntax and style conventions
[3.482s] -- Added test 'lint_cmake' to check CMake code style
[3.515s] -- Added test 'pep257' to check Python code against some of the docstring style conventions in PEP 257
[3.761s] -- Added test 'uncrustify' to check C / C++ code style
[3.762s] -- Configured uncrustify additional arguments: 
[3.793s] -- Added test 'xmllint' to check XML markup files
[3.795s] -- Configuring done
[3.829s] -- Generating done
[3.833s] -- Build files have been written to: /home/luke/LKMCANNODE/build/LKMCANNODE
[3.905s] [35m[1mConsolidate compiler generated dependencies of target lkmcannode[0m
[3.964s] [ 50%] [32mBuilding CXX object CMakeFiles/lkmcannode.dir/src/lkmcannode.cpp.o[0m
[4.794s] [01m[K/home/luke/LKMCANNODE/src/lkmcannode.cpp:10:10:[m[K [01;31m[Kfatal error: [m[Kgeometry_msgs/msg/TransformStamped.h: No such file or directory
[4.794s]    10 | #include [01;31m[K<geometry_msgs/msg/TransformStamped.h>[m[K
[4.794s]       |          [01;31m[K^~~~~~~~~~~~~~~~~~~~~~~~~~~~~~~~~~~~~~[m[K
[4.794s] compilation terminated.
[4.807s] gmake[2]: *** [CMakeFiles/lkmcannode.dir/build.make:76: CMakeFiles/lkmcannode.dir/src/lkmcannode.cpp.o] Error 1
[4.814s] gmake[1]: *** [CMakeFiles/Makefile2:137: CMakeFiles/lkmcannode.dir/all] Error 2
[4.814s] gmake: *** [Makefile:146: all] Error 2
[4.814s] Invoked command in '/home/luke/LKMCANNODE/build/LKMCANNODE' returned '2': CMAKE_PREFIX_PATH=${CMAKE_PREFIX_PATH}:/opt/ros/humble /usr/bin/cmake --build /home/luke/LKMCANNODE/build/LKMCANNODE -- -j4 -l4
