[0.141s] Invoking command in '/home/luke/lkmcannode/build/lkmcannode': CMAKE_PREFIX_PATH=${CMAKE_PREFIX_PATH}:/opt/ros/humble /usr/bin/cmake /home/luke/lkmcannode -DCMAKE_INSTALL_PREFIX=/home/luke/lkmcannode/install/lkmcannode
[0.323s] -- The C compiler identification is GNU 11.4.0
[0.480s] -- The CXX compiler identification is GNU 11.4.0
[0.498s] -- Detecting C compiler ABI info
[0.683s] -- Detecting C compiler ABI info - done
[0.701s] -- Check for working C compiler: /usr/bin/cc - skipped
[0.706s] -- Detecting C compile features
[0.707s] -- Detecting C compile features - done
[0.715s] -- Detecting CXX compiler ABI info
[0.910s] -- Detecting CXX compiler ABI info - done
[0.928s] -- Check for working CXX compiler: /usr/bin/c++ - skipped
[0.928s] -- Detecting CXX compile features
[0.930s] -- Detecting CXX compile features - done
[0.941s] -- Found ament_cmake: 1.3.7 (/opt/ros/humble/share/ament_cmake/cmake)
[1.360s] -- Found Python3: /usr/bin/python3.10 (found version "3.10.12") found components: Interpreter 
[1.554s] -- Found rclcpp: 16.0.8 (/opt/ros/humble/share/rclcpp/cmake)
[1.638s] -- Found rosidl_generator_c: 3.1.5 (/opt/ros/humble/share/rosidl_generator_c/cmake)
[1.648s] -- Found rosidl_adapter: 3.1.5 (/opt/ros/humble/share/rosidl_adapter/cmake)
[1.666s] -- Found rosidl_generator_cpp: 3.1.5 (/opt/ros/humble/share/rosidl_generator_cpp/cmake)
[1.702s] -- Using all available rosidl_typesupport_c: rosidl_typesupport_fastrtps_c;rosidl_typesupport_introspection_c
[1.752s] -- Using all available rosidl_typesupport_cpp: rosidl_typesupport_fastrtps_cpp;rosidl_typesupport_introspection_cpp
[1.926s] -- Found rmw_implementation_cmake: 6.1.1 (/opt/ros/humble/share/rmw_implementation_cmake/cmake)
[1.931s] -- Found rmw_fastrtps_cpp: 6.2.6 (/opt/ros/humble/share/rmw_fastrtps_cpp/cmake)
[2.156s] -- Found OpenSSL: /usr/lib/x86_64-linux-gnu/libcrypto.so (found version "3.0.2")  
[2.208s] -- Found FastRTPS: /opt/ros/humble/include  
[2.314s] -- Using RMW implementation 'rmw_fastrtps_cpp' as default
[2.338s] -- Looking for pthread.h
[2.515s] -- Looking for pthread.h - found
[2.515s] -- Performing Test CMAKE_HAVE_LIBC_PTHREAD
[2.702s] -- Performing Test CMAKE_HAVE_LIBC_PTHREAD - Success
[2.705s] -- Found Threads: TRUE  
[3.173s] -- Found can_msgs: 2.0.0 (/opt/ros/humble/share/can_msgs/cmake)
[3.302s] -- Found geometry_msgs: 4.2.3 (/opt/ros/humble/share/geometry_msgs/cmake)
[3.431s] -- Found tf2_ros: 0.25.5 (/opt/ros/humble/share/tf2_ros/cmake)
[4.430s] -- Found nav_msgs: 4.2.3 (/opt/ros/humble/share/nav_msgs/cmake)
[4.674s] -- Found ament_lint_auto: 0.12.10 (/opt/ros/humble/share/ament_lint_auto/cmake)
[5.081s] -- Added test 'cppcheck' to perform static code analysis on C / C++ code
[5.081s] -- Configured cppcheck include dirs: 
[5.081s] -- Configured cppcheck exclude dirs and/or files: 
[5.113s] -- Added test 'flake8' to check Python code syntax and style conventions
[5.175s] -- Added test 'lint_cmake' to check CMake code style
[5.206s] -- Added test 'pep257' to check Python code against some of the docstring style conventions in PEP 257
[5.448s] -- Added test 'uncrustify' to check C / C++ code style
[5.448s] -- Configured uncrustify additional arguments: 
[5.479s] -- Added test 'xmllint' to check XML markup files
[5.482s] -- Configuring done
[5.514s] -- Generating done
[5.519s] -- Build files have been written to: /home/luke/lkmcannode/build/lkmcannode
[5.549s] Invoked command in '/home/luke/lkmcannode/build/lkmcannode' returned '0': CMAKE_PREFIX_PATH=${CMAKE_PREFIX_PATH}:/opt/ros/humble /usr/bin/cmake /home/luke/lkmcannode -DCMAKE_INSTALL_PREFIX=/home/luke/lkmcannode/install/lkmcannode
[5.553s] Invoking command in '/home/luke/lkmcannode/build/lkmcannode': CMAKE_PREFIX_PATH=${CMAKE_PREFIX_PATH}:/opt/ros/humble /usr/bin/cmake --build /home/luke/lkmcannode/build/lkmcannode -- -j4 -l4
[5.689s] [ 50%] [32mBuilding CXX object CMakeFiles/lkmcannode.dir/src/lkmcannode.cpp.o[0m
[6.505s] [01m[K/home/luke/lkmcannode/src/lkmcannode.cpp:10:10:[m[K [01;31m[Kfatal error: [m[Kgeometry_msgs/msg/TransformStamped.h: No such file or directory
[6.505s]    10 | #include [01;31m[K<geometry_msgs/msg/TransformStamped.h>[m[K
[6.505s]       |          [01;31m[K^~~~~~~~~~~~~~~~~~~~~~~~~~~~~~~~~~~~~~[m[K
[6.506s] compilation terminated.
[6.515s] gmake[2]: *** [CMakeFiles/lkmcannode.dir/build.make:76: CMakeFiles/lkmcannode.dir/src/lkmcannode.cpp.o] Error 1
[6.515s] gmake[1]: *** [CMakeFiles/Makefile2:137: CMakeFiles/lkmcannode.dir/all] Error 2
[6.516s] gmake: *** [Makefile:146: all] Error 2
[6.520s] Invoked command in '/home/luke/lkmcannode/build/lkmcannode' returned '2': CMAKE_PREFIX_PATH=${CMAKE_PREFIX_PATH}:/opt/ros/humble /usr/bin/cmake --build /home/luke/lkmcannode/build/lkmcannode -- -j4 -l4
