[0.139s] Invoking command in '/home/luke/lkmcannode/build/lkmcannode': CMAKE_PREFIX_PATH=${CMAKE_PREFIX_PATH}:/opt/ros/humble /usr/bin/cmake --build /home/luke/lkmcannode/build/lkmcannode -- -j4 -l4
[0.234s] [35m[1mConsolidate compiler generated dependencies of target lkmcannode[0m
[0.291s] [ 50%] [32mBuilding CXX object CMakeFiles/lkmcannode.dir/src/lkmcannode.cpp.o[0m
[6.591s] [01m[K/home/luke/lkmcannode/src/lkmcannode.cpp:[m[K In member function â€˜[01m[Kvoid BLDCMotor::parseWritePIDParametersToROMResponse(const uint8_t*)[m[Kâ€™:
[6.591s] [01m[K/home/luke/lkmcannode/src/lkmcannode.cpp:899:58:[m[K [01;35m[Kwarning: [m[Kunused parameter â€˜[01m[Kresponse[m[Kâ€™ [[01;35m[K]8;;https://gcc.gnu.org/onlinedocs/gcc/Warning-Options.html#index-Wunused-parameter-Wunused-parameter]8;;[m[K]
[6.592s]   899 | void parseWritePIDParametersToROMResponse([01;35m[Kconst uint8_t* response[m[K){ //} uint16_t& anglePidKp, uint16_t& anglePidKi, uint16_t& speedPidKp, uint16_t& speedPidKi, uint16_t& iqPidKp, uint16_t& iqPidKi) {
[6.592s]       |                                           [01;35m[K~~~~~~~~~~~~~~~^~~~~~~~[m[K
[6.592s] [01m[K/home/luke/lkmcannode/src/lkmcannode.cpp:[m[K In member function â€˜[01m[Kvoid BLDCMotor::parseWriteEncoderValueToROMResponse(const uint8_t*, uint16_t&)[m[Kâ€™:
[6.592s] [01m[K/home/luke/lkmcannode/src/lkmcannode.cpp:968:57:[m[K [01;35m[Kwarning: [m[Kunused parameter â€˜[01m[Kresponse[m[Kâ€™ [[01;35m[K]8;;https://gcc.gnu.org/onlinedocs/gcc/Warning-Options.html#index-Wunused-parameter-Wunused-parameter]8;;[m[K]
[6.592s]   968 | void parseWriteEncoderValueToROMResponse([01;35m[Kconst uint8_t* response[m[K, uint16_t& encoderOffset) {
[6.593s]       |                                          [01;35m[K~~~~~~~~~~~~~~~^~~~~~~~[m[K
[6.593s] [01m[K/home/luke/lkmcannode/src/lkmcannode.cpp:968:77:[m[K [01;35m[Kwarning: [m[Kunused parameter â€˜[01m[KencoderOffset[m[Kâ€™ [[01;35m[K]8;;https://gcc.gnu.org/onlinedocs/gcc/Warning-Options.html#index-Wunused-parameter-Wunused-parameter]8;;[m[K]
[6.593s]   968 | void parseWriteEncoderValueToROMResponse(const uint8_t* response, [01;35m[Kuint16_t& encoderOffset[m[K) {
[6.593s]       |                                                                   [01;35m[K~~~~~~~~~~^~~~~~~~~~~~~[m[K
[6.593s] [01m[K/home/luke/lkmcannode/src/lkmcannode.cpp:[m[K In member function â€˜[01m[Kvoid BLDCMotor::parseWriteCurrentPositionToROMResponse(const uint8_t*, uint16_t&)[m[Kâ€™:
[6.593s] [01m[K/home/luke/lkmcannode/src/lkmcannode.cpp:981:60:[m[K [01;35m[Kwarning: [m[Kunused parameter â€˜[01m[Kresponse[m[Kâ€™ [[01;35m[K]8;;https://gcc.gnu.org/onlinedocs/gcc/Warning-Options.html#index-Wunused-parameter-Wunused-parameter]8;;[m[K]
[6.594s]   981 | void parseWriteCurrentPositionToROMResponse([01;35m[Kconst uint8_t* response[m[K, uint16_t& encoderOffset) {
[6.594s]       |                                             [01;35m[K~~~~~~~~~~~~~~~^~~~~~~~[m[K
[6.594s] [01m[K/home/luke/lkmcannode/src/lkmcannode.cpp:981:80:[m[K [01;35m[Kwarning: [m[Kunused parameter â€˜[01m[KencoderOffset[m[Kâ€™ [[01;35m[K]8;;https://gcc.gnu.org/onlinedocs/gcc/Warning-Options.html#index-Wunused-parameter-Wunused-parameter]8;;[m[K]
[6.594s]   981 | void parseWriteCurrentPositionToROMResponse(const uint8_t* response, [01;35m[Kuint16_t& encoderOffset[m[K) {
[6.594s]       |                                                                      [01;35m[K~~~~~~~~~~^~~~~~~~~~~~~[m[K
[6.803s] [01m[K/home/luke/lkmcannode/src/lkmcannode.cpp:[m[K In member function â€˜[01m[Kvoid DifferentialDriveNode::loop_callback()[m[Kâ€™:
[6.803s] [01m[K/home/luke/lkmcannode/src/lkmcannode.cpp:1572:9:[m[K [01;31m[Kerror: [m[Kâ€˜[01m[KtfBroadcaster_[m[Kâ€™ was not declared in this scope
[6.804s]  1572 |         [01;31m[KtfBroadcaster_[m[K.sendTransform(transformStamped);
[6.804s]       |         [01;31m[K^~~~~~~~~~~~~~[m[K
[12.979s] gmake[2]: *** [CMakeFiles/lkmcannode.dir/build.make:76: CMakeFiles/lkmcannode.dir/src/lkmcannode.cpp.o] Error 1
[12.979s] gmake[1]: *** [CMakeFiles/Makefile2:137: CMakeFiles/lkmcannode.dir/all] Error 2
[12.980s] gmake: *** [Makefile:146: all] Error 2
[12.984s] Invoked command in '/home/luke/lkmcannode/build/lkmcannode' returned '2': CMAKE_PREFIX_PATH=${CMAKE_PREFIX_PATH}:/opt/ros/humble /usr/bin/cmake --build /home/luke/lkmcannode/build/lkmcannode -- -j4 -l4
