[0.138s] Invoking command in '/mnt/c/temp/LKMCANNODE/build/LKMCANNODE': CMAKE_PREFIX_PATH=/opt/ros/humble /usr/bin/cmake --build /mnt/c/temp/LKMCANNODE/build/LKMCANNODE -- -j24 -l24
[0.312s] -- Found ament_cmake: 1.3.6 (/opt/ros/humble/share/ament_cmake/cmake)
[0.586s] -- Found rclcpp: 16.0.7 (/opt/ros/humble/share/rclcpp/cmake)
[0.948s] -- Found rosidl_generator_c: 3.1.5 (/opt/ros/humble/share/rosidl_generator_c/cmake)
[0.958s] -- Found rosidl_adapter: 3.1.5 (/opt/ros/humble/share/rosidl_adapter/cmake)
[0.972s] -- Found rosidl_generator_cpp: 3.1.5 (/opt/ros/humble/share/rosidl_generator_cpp/cmake)
[1.006s] -- Using all available rosidl_typesupport_c: rosidl_typesupport_fastrtps_c;rosidl_typesupport_introspection_c
[1.050s] -- Using all available rosidl_typesupport_cpp: rosidl_typesupport_fastrtps_cpp;rosidl_typesupport_introspection_cpp
[1.200s] -- Found rmw_implementation_cmake: 6.1.1 (/opt/ros/humble/share/rmw_implementation_cmake/cmake)
[1.220s] -- Found rmw_fastrtps_cpp: 6.2.5 (/opt/ros/humble/share/rmw_fastrtps_cpp/cmake)
[4.081s] -- Found OpenSSL: /usr/lib/x86_64-linux-gnu/libcrypto.so (found version "3.0.2")  
[8.108s] -- Found FastRTPS: /opt/ros/humble/include  
[14.602s] -- Using RMW implementation 'rmw_fastrtps_cpp' as default
[14.685s] -- Looking for pthread.h
[15.651s] -- Looking for pthread.h - found
[15.667s] -- Performing Test CMAKE_HAVE_LIBC_PTHREAD
[16.701s] -- Performing Test CMAKE_HAVE_LIBC_PTHREAD - Success
[16.710s] -- Found Threads: TRUE  
[16.924s] -- Found can_msgs: 2.0.0 (/opt/ros/humble/share/can_msgs/cmake)
[16.974s] -- Found ament_lint_auto: 0.12.9 (/opt/ros/humble/share/ament_lint_auto/cmake)
[17.081s] WARNING: Package name "LKMCANNODE" does not follow the naming conventions. It should start with a lower case letter and only contain lower case letters, digits, underscores, and dashes.
[41.170s] -- Added test 'cppcheck' to perform static code analysis on C / C++ code
[41.172s] -- Configured cppcheck include dirs: 
[41.173s] -- Configured cppcheck exclude dirs and/or files: 
[44.197s] -- Added test 'flake8' to check Python code syntax and style conventions
[50.241s] -- Added test 'lint_cmake' to check CMake code style
[53.663s] -- Added test 'pep257' to check Python code against some of the docstring style conventions in PEP 257
[77.802s] -- Added test 'uncrustify' to check C / C++ code style
[77.804s] -- Configured uncrustify additional arguments: 
[80.489s] -- Added test 'xmllint' to check XML markup files
[80.666s] -- Configuring done
[81.090s] -- Generating done
[81.264s] -- Build files have been written to: /mnt/c/temp/LKMCANNODE/build/LKMCANNODE
[81.437s] [ 50%] [32mBuilding CXX object CMakeFiles/lkmcannode.dir/src/lkmcannode.cpp.o[0m
[81.505s] [01m[K/mnt/c/temp/LKMCANNODE/src/lkmcannode.cpp:2:10:[m[K [01;31m[Kfatal error: [m[Kros/ros.h: No such file or directory
[81.506s]     2 | #include [01;31m[K<ros/ros.h>[m[K
[81.507s]       |          [01;31m[K^~~~~~~~~~~[m[K
[81.509s] compilation terminated.
[81.510s] gmake[2]: *** [CMakeFiles/lkmcannode.dir/build.make:76: CMakeFiles/lkmcannode.dir/src/lkmcannode.cpp.o] Error 1
[81.512s] gmake[1]: *** [CMakeFiles/Makefile2:137: CMakeFiles/lkmcannode.dir/all] Error 2
[81.514s] gmake: *** [Makefile:146: all] Error 2
[81.516s] Invoked command in '/mnt/c/temp/LKMCANNODE/build/LKMCANNODE' returned '2': CMAKE_PREFIX_PATH=/opt/ros/humble /usr/bin/cmake --build /mnt/c/temp/LKMCANNODE/build/LKMCANNODE -- -j24 -l24
