[0.179s] Invoking command in '/home/luke/LKMCANNODE/build/LKMCANNODE': CMAKE_PREFIX_PATH=${CMAKE_PREFIX_PATH}:/opt/ros/humble /usr/bin/cmake --build /home/luke/LKMCANNODE/build/LKMCANNODE -- -j4 -l4
[0.279s] [35m[1mConsolidate compiler generated dependencies of target lkmcannode[0m
[0.334s] [ 50%] [32mBuilding CXX object CMakeFiles/lkmcannode.dir/src/lkmcannode.cpp.o[0m
[6.450s] [01m[K/home/luke/LKMCANNODE/src/lkmcannode.cpp:1174:35:[m[K [01;31m[Kerror: [m[Kâ€˜[01m[KBLDCMotor::SpeedClosedLoopControlCommand BLDCMotor::createSpeedClosedLoopControlCommand(int32_t)[m[Kâ€™ cannot be overloaded with â€˜[01m[KBLDCMotor::SpeedClosedLoopControlCommand BLDCMotor::createSpeedClosedLoopControlCommand(int32_t)[m[Kâ€™
[6.450s]  1174 |     SpeedClosedLoopControlCommand [01;31m[KcreateSpeedClosedLoopControlCommand[m[K(int32_t speedControl) {
[6.451s]       |                                   [01;31m[K^~~~~~~~~~~~~~~~~~~~~~~~~~~~~~~~~~~[m[K
[6.451s] [01m[K/home/luke/LKMCANNODE/src/lkmcannode.cpp:301:34:[m[K [01;36m[Knote: [m[Kprevious declaration â€˜[01m[KBLDCMotor::SpeedClosedLoopControlCommand BLDCMotor::createSpeedClosedLoopControlCommand(int32_t)[m[Kâ€™
[6.451s]   301 |    SpeedClosedLoopControlCommand [01;36m[KcreateSpeedClosedLoopControlCommand[m[K(int32_t speed) {
[6.451s]       |                                  [01;36m[K^~~~~~~~~~~~~~~~~~~~~~~~~~~~~~~~~~~[m[K
[6.455s] [01m[K/home/luke/LKMCANNODE/src/lkmcannode.cpp:[m[K In constructor â€˜[01m[KBLDCMotor::SpeedClosedLoopControlCommand::SpeedClosedLoopControlCommand(int32_t)[m[Kâ€™:
[6.455s] [01m[K/home/luke/LKMCANNODE/src/lkmcannode.cpp:289:30:[m[K [01;31m[Kerror: [m[Kinvalid use of non-static data member â€˜[01m[KBLDCMotor::motorId_[m[Kâ€™
[6.455s]   289 |         identifier = 0x141 + [01;31m[KmotorId_[m[K;
[6.455s]       |                              [01;31m[K^~~~~~~~[m[K
[6.456s] [01m[K/home/luke/LKMCANNODE/src/lkmcannode.cpp:30:13:[m[K [01;36m[Knote: [m[Kdeclared here
[6.456s]    30 |     uint8_t [01;36m[KmotorId_[m[K; // Unique ID for the motor
[6.456s]       |             [01;36m[K^~~~~~~~[m[K
[6.476s] [01m[K/home/luke/LKMCANNODE/src/lkmcannode.cpp:[m[K In member function â€˜[01m[Kint BLDCMotor::calculateDelta(int)[m[Kâ€™:
[6.476s] [01m[K/home/luke/LKMCANNODE/src/lkmcannode.cpp:643:40:[m[K [01;31m[Kerror: [m[Kâ€˜[01m[KinitialTicks[m[Kâ€™ was not declared in this scope; did you mean â€˜[01m[KinitialTicksSet[m[Kâ€™?
[6.477s]   643 |             int delta = currentTicks - [01;31m[KinitialTicks[m[K;
[6.477s]       |                                        [01;31m[K^~~~~~~~~~~~[m[K
[6.477s]       |                                        [32m[KinitialTicksSet[m[K
[6.481s] [01m[K/home/luke/LKMCANNODE/src/lkmcannode.cpp:[m[K In member function â€˜[01m[Kvoid BLDCMotor::parseWritePIDParametersToROMResponse(const uint8_t*)[m[Kâ€™:
[6.481s] [01m[K/home/luke/LKMCANNODE/src/lkmcannode.cpp:877:58:[m[K [01;35m[Kwarning: [m[Kunused parameter â€˜[01m[Kresponse[m[Kâ€™ [[01;35m[K]8;;https://gcc.gnu.org/onlinedocs/gcc/Warning-Options.html#index-Wunused-parameter-Wunused-parameter]8;;[m[K]
[6.481s]   877 | void parseWritePIDParametersToROMResponse([01;35m[Kconst uint8_t* response[m[K){ //} uint16_t& anglePidKp, uint16_t& anglePidKi, uint16_t& speedPidKp, uint16_t& speedPidKi, uint16_t& iqPidKp, uint16_t& iqPidKi) {
[6.482s]       |                                           [01;35m[K~~~~~~~~~~~~~~~^~~~~~~~[m[K
[6.482s] [01m[K/home/luke/LKMCANNODE/src/lkmcannode.cpp:[m[K In member function â€˜[01m[Kvoid BLDCMotor::parseWriteEncoderValueToROMResponse(const uint8_t*, uint16_t&)[m[Kâ€™:
[6.482s] [01m[K/home/luke/LKMCANNODE/src/lkmcannode.cpp:946:57:[m[K [01;35m[Kwarning: [m[Kunused parameter â€˜[01m[Kresponse[m[Kâ€™ [[01;35m[K]8;;https://gcc.gnu.org/onlinedocs/gcc/Warning-Options.html#index-Wunused-parameter-Wunused-parameter]8;;[m[K]
[6.482s]   946 | void parseWriteEncoderValueToROMResponse([01;35m[Kconst uint8_t* response[m[K, uint16_t& encoderOffset) {
[6.482s]       |                                          [01;35m[K~~~~~~~~~~~~~~~^~~~~~~~[m[K
[6.483s] [01m[K/home/luke/LKMCANNODE/src/lkmcannode.cpp:946:77:[m[K [01;35m[Kwarning: [m[Kunused parameter â€˜[01m[KencoderOffset[m[Kâ€™ [[01;35m[K]8;;https://gcc.gnu.org/onlinedocs/gcc/Warning-Options.html#index-Wunused-parameter-Wunused-parameter]8;;[m[K]
[6.483s]   946 | void parseWriteEncoderValueToROMResponse(const uint8_t* response, [01;35m[Kuint16_t& encoderOffset[m[K) {
[6.483s]       |                                                                   [01;35m[K~~~~~~~~~~^~~~~~~~~~~~~[m[K
[6.483s] [01m[K/home/luke/LKMCANNODE/src/lkmcannode.cpp:[m[K In member function â€˜[01m[Kvoid BLDCMotor::parseWriteCurrentPositionToROMResponse(const uint8_t*, uint16_t&)[m[Kâ€™:
[6.483s] [01m[K/home/luke/LKMCANNODE/src/lkmcannode.cpp:958:60:[m[K [01;35m[Kwarning: [m[Kunused parameter â€˜[01m[Kresponse[m[Kâ€™ [[01;35m[K]8;;https://gcc.gnu.org/onlinedocs/gcc/Warning-Options.html#index-Wunused-parameter-Wunused-parameter]8;;[m[K]
[6.484s]   958 | void parseWriteCurrentPositionToROMResponse([01;35m[Kconst uint8_t* response[m[K, uint16_t& encoderOffset) {
[6.484s]       |                                             [01;35m[K~~~~~~~~~~~~~~~^~~~~~~~[m[K
[6.484s] [01m[K/home/luke/LKMCANNODE/src/lkmcannode.cpp:958:80:[m[K [01;35m[Kwarning: [m[Kunused parameter â€˜[01m[KencoderOffset[m[Kâ€™ [[01;35m[K]8;;https://gcc.gnu.org/onlinedocs/gcc/Warning-Options.html#index-Wunused-parameter-Wunused-parameter]8;;[m[K]
[6.484s]   958 | void parseWriteCurrentPositionToROMResponse(const uint8_t* response, [01;35m[Kuint16_t& encoderOffset[m[K) {
[6.484s]       |                                                                      [01;35m[K~~~~~~~~~~^~~~~~~~~~~~~[m[K
[12.639s] gmake[2]: *** [CMakeFiles/lkmcannode.dir/build.make:76: CMakeFiles/lkmcannode.dir/src/lkmcannode.cpp.o] Error 1
[12.639s] gmake[1]: *** [CMakeFiles/Makefile2:137: CMakeFiles/lkmcannode.dir/all] Error 2
[12.639s] gmake: *** [Makefile:146: all] Error 2
[12.644s] Invoked command in '/home/luke/LKMCANNODE/build/LKMCANNODE' returned '2': CMAKE_PREFIX_PATH=${CMAKE_PREFIX_PATH}:/opt/ros/humble /usr/bin/cmake --build /home/luke/LKMCANNODE/build/LKMCANNODE -- -j4 -l4
